<?xml version="1.0" encoding="UTF-8"?>
<!-- Generated by org.testng.reporters.JUnitXMLReporter -->
<testsuite ignored="0" hostname="kpuzey0424" failures="0" tests="1" name="TC56 - Search and Validate" time="0.024" errors="0" timestamp="2025-08-27T07:15:57 BST">
  <testcase classname="com.quantum.tests.SalesforceAITest" name="@BeforeMethod initDriver" time="0.006">
    <failure type="java.lang.Error" message="Unresolved compilation problem: 
	The method getDriver() is undefined for the type SalesforceAITest
">
      <![CDATA[java.lang.Error: Unresolved compilation problem: 
The method getDriver() is undefined for the type SalesforceAITest

at com.quantum.tests.SalesforceAITest.initDriver(SalesforceAITest.java:15)
at java.base/java.util.ArrayList.forEach(ArrayList.java:1597)
... Removed 29 stack frames]]>
    </failure>
  </testcase> <!-- @BeforeMethod initDriver -->
  <testcase classname="com.quantum.tests.SalesforceAITest" name="loginSearchValidateCompany" time="0.0">
    <skipped/>
  </testcase> <!-- loginSearchValidateCompany -->
</testsuite> <!-- TC56 - Search and Validate -->
