<?xml version="1.0" encoding="UTF-8"?>
<!-- Generated by org.testng.reporters.JUnitXMLReporter -->
<testsuite ignored="0" hostname="kpuzey0424" failures="0" tests="1" name="MobileTest" time="79.982" errors="0" timestamp="2025-08-27T07:37:52 BST">
  <testcase classname="com.quantum.tests.SalesforceAITest" name="@BeforeMethod initDriver" time="79.952">
    <failure type="org.openqa.selenium.TimeoutException" message="Timed out after 60 seconds: Unable to create driver instance in 5th attempt with retry timeout of 60 seconds. You can check/set value of &amp;apos;driver.init.retry.timeout.seconds&amp;apos; appropriately to set retry timeout on driver initialization failure.">
      <![CDATA[org.openqa.selenium.TimeoutException: Timed out after 60 seconds: Unable to create driver instance in 5th attempt with retry timeout of 60 seconds. You can check/set value of 'driver.init.retry.timeout.seconds' appropriately to set retry timeout on driver initialization failure.
at com.qmetry.qaf.automation.ui.util.DynamicWait.until(DynamicWait.java:168)
at com.qmetry.qaf.automation.core.QAFTestBase.init(QAFTestBase.java:487)
at com.qmetry.qaf.automation.core.QAFTestBase.getUiDriver(QAFTestBase.java:255)
at com.qmetry.qaf.automation.ui.WebDriverTestBase.getDriver(WebDriverTestBase.java:44)
at com.quantum.tests.SalesforceAITest.initDriver(SalesforceAITest.java:16)
at java.base/java.util.ArrayList.forEach(ArrayList.java:1597)
Caused by: org.openqa.selenium.WebDriverException: Unable to create driver instance in 5th attempt with retry timeout of 60 seconds. You can check/set value of 'driver.init.retry.timeout.seconds' appropriately to set retry timeout on driver initialization failure.
Build info: version: '4.13.0', revision: 'ba948ece5b*'
System info: os.name: 'Mac OS X', os.arch: 'aarch64', os.version: '15.6.1', java.version: '22.0.1'
Driver info: driver.version: unknown
at com.qmetry.qaf.automation.core.QAFTestBase$DriverInitExpectedCondition.apply(QAFTestBase.java:585)
at com.qmetry.qaf.automation.core.QAFTestBase$DriverInitExpectedCondition.apply(QAFTestBase.java:567)
at com.qmetry.qaf.automation.ui.util.DynamicWait.until(DynamicWait.java:147)
... 34 more
Caused by: java.lang.ClassNotFoundException: com.thoughtworks.selenium.CommandProcessor
at java.base/jdk.internal.loader.BuiltinClassLoader.loadClass(BuiltinClassLoader.java:641)
at java.base/jdk.internal.loader.ClassLoaders$AppClassLoader.loadClass(ClassLoaders.java:188)
at java.base/java.lang.ClassLoader.loadClass(ClassLoader.java:525)
at com.qmetry.qaf.automation.ui.UiDriverFactory.get(UiDriverFactory.java:97)
at com.qmetry.qaf.automation.core.QAFTestBase$DriverInitExpectedCondition.apply(QAFTestBase.java:581)
... 36 more
... Removed 29 stack frames]]>
    </failure>
  </testcase> <!-- @BeforeMethod initDriver -->
  <testcase classname="com.quantum.tests.SalesforceAITest" name="loginSearchValidateCompany" time="0.0">
    <skipped/>
  </testcase> <!-- loginSearchValidateCompany -->
</testsuite> <!-- MobileTest -->
