<?xml version="1.0" encoding="UTF-8"?>
<testng-results ignored="0" total="0" passed="0" failed="0" skipped="0">
  <reporter-output>
  </reporter-output>
  <suite started-at="2025-07-17T15:41:36 BST" name="Web Demo Suite" finished-at="2025-07-17T15:41:36 BST" duration-ms="4">
    <groups>
    </groups>
    <test started-at="2025-07-17T15:41:36 BST" name="Web Scenarios Chrome Test" finished-at="2025-07-17T15:41:36 BST" duration-ms="4">
    </test> <!-- Web Scenarios Chrome Test -->
  </suite> <!-- Web Demo Suite -->
</testng-results>
